2025-11-10 13:11:19,539 - INFO - ======================================================================
2025-11-10 13:11:19,540 - INFO - MANNAZ PAGE FRESHNESS - MONTHLY REPORT
2025-11-10 13:11:19,540 - INFO - ======================================================================
2025-11-10 13:11:19,542 - INFO - ======================================================================
2025-11-10 13:11:19,543 - INFO - STARTING MONTHLY SCRAPE
2025-11-10 13:11:19,543 - INFO - ======================================================================
2025-11-10 13:11:19,543 - INFO - Discovering ALL pages from sitemap...
2025-11-10 13:11:24,675 - INFO - TESTING MODE: Limiting to 50 pages
2025-11-10 13:11:24,676 - INFO - Found 50 URLs to scrape
2025-11-10 13:11:24,676 - INFO - [1/50] https://www.mannaz.com/da/artikler/
2025-11-10 13:11:25,758 - INFO - [2/50] https://www.mannaz.com/da/artikler/baeredygtighed/baeredygtig-ledelse/
2025-11-10 13:11:26,649 - INFO - [3/50] https://www.mannaz.com/da/artikler/baeredygtighed/fa-mere-vaerdi-ud-af-jeres-baeredygtighedsrapportering/
2025-11-10 13:11:27,833 - INFO - [4/50] https://www.mannaz.com/da/artikler/baeredygtighed/fa-succes-med-baeredygtighedsmal-sammen-med-jeres-vaerdikaede/
2025-11-10 13:11:28,883 - INFO - [5/50] https://www.mannaz.com/da/artikler/baeredygtighed/hvad-betyder-esg/
2025-11-10 13:11:29,892 - INFO - [6/50] https://www.mannaz.com/da/artikler/baeredygtighed/hvad-star-eet-for-i-esg/
2025-11-10 13:11:31,261 - INFO - [7/50] https://www.mannaz.com/da/artikler/baeredygtighed/hvad-star-g-et-for-i-esg/
2025-11-10 13:11:33,002 - INFO - [8/50] https://www.mannaz.com/da/artikler/baeredygtighed/hvad-star-s-et-for-i-esg/
2025-11-10 13:11:34,017 - INFO - [9/50] https://www.mannaz.com/da/artikler/baeredygtighed/med-baeredygtige-partnerskaber-kommer-muligheder/
2025-11-10 13:11:34,892 - INFO - [10/50] https://www.mannaz.com/da/artikler/baeredygtighed/nye-baeredygtighedskompetencer-gor-akademikere-i-stand-til-at-hjaelpe-med-virksomheders-gronne-omstilling/
2025-11-10 13:11:36,019 - INFO - [11/50] https://www.mannaz.com/da/artikler/baeredygtighed/nyt-strategisk-samarbejde-med-tania-ellis/
2025-11-10 13:11:36,893 - INFO - [12/50] https://www.mannaz.com/da/artikler/baeredygtighed/projektledere-kan-vaere-missing-link-i-at-na-baeredygtighedsmal/
2025-11-10 13:11:37,893 - INFO - [13/50] https://www.mannaz.com/da/artikler/baeredygtighed/regenerativ-ledelse-hvad-er-det-og-hvad-kan-det-bruges-til/
2025-11-10 13:11:38,824 - INFO - [14/50] https://www.mannaz.com/da/artikler/baeredygtighed/sadan-saetter-i-implementeringen-af-baeredygtighed-op-i-gear/
2025-11-10 13:11:39,678 - INFO - [15/50] https://www.mannaz.com/da/artikler/baeredygtighed/sustainability-is-the-decision-to-be-part-of-the-solution-2/
2025-11-10 13:11:40,568 - INFO - [16/50] https://www.mannaz.com/da/artikler/baeredygtighed/traek-i-samme-retning-alignment-om-baeredygtighed-i-vaerdikaeden/
2025-11-10 13:11:41,596 - INFO - [17/50] https://www.mannaz.com/da/artikler/baeredygtighed/tre-vaerktoejer-til-at-lykkes-med-baeredygtighed/
2025-11-10 13:11:42,491 - INFO - [18/50] https://www.mannaz.com/da/artikler/coaching-persontypetests/10-tips-til-bedre-praesentationer/
2025-11-10 13:11:43,425 - INFO - [19/50] https://www.mannaz.com/da/artikler/coaching-persontypetests/4-gode-rad-til-at-braende-igennem-virtuelt/
2025-11-10 13:11:44,282 - INFO - [20/50] https://www.mannaz.com/da/artikler/coaching-persontypetests/5-tips-til-mundtlig-formidling/
2025-11-10 13:11:45,189 - INFO - [21/50] https://www.mannaz.com/da/artikler/coaching-persontypetests/aktiv-lytning-lytter-du-efter/
2025-11-10 13:11:46,282 - INFO - [22/50] https://www.mannaz.com/da/artikler/coaching-persontypetests/autopoiese-grundlaget-for-forstaelsen-af-coaching/
2025-11-10 13:11:47,281 - INFO - [23/50] https://www.mannaz.com/da/artikler/coaching-persontypetests/befri-samtalen/
2025-11-10 13:11:48,153 - INFO - [24/50] https://www.mannaz.com/da/artikler/coaching-persontypetests/bliv-hort-ekspertens-6-gode-rad-til-bedre-kommunikation/
2025-11-10 13:11:49,057 - INFO - [25/50] https://www.mannaz.com/da/artikler/coaching-persontypetests/brug-sporgsmalets-kraft/
2025-11-10 13:11:49,881 - INFO - [26/50] https://www.mannaz.com/da/artikler/coaching-persontypetests/brug-statuselevatoren-nar-du-forhandler/
2025-11-10 13:11:50,801 - INFO - [27/50] https://www.mannaz.com/da/artikler/coaching-persontypetests/coaching-hvad-er-5-f-modellen/
2025-11-10 13:11:51,805 - INFO - [28/50] https://www.mannaz.com/da/artikler/coaching-persontypetests/coachingens-landskaber/
2025-11-10 13:11:52,760 - INFO - [29/50] https://www.mannaz.com/da/artikler/coaching-persontypetests/din-mund-siger-ja-men-kroppen/
2025-11-10 13:11:53,562 - INFO - [30/50] https://www.mannaz.com/da/artikler/coaching-persontypetests/din-personlige-forhandlingsteknik-afgor-dine-forhandlingsresultater/
2025-11-10 13:11:54,415 - INFO - [31/50] https://www.mannaz.com/da/artikler/coaching-persontypetests/du-kender-powerpoint-eller-gor-du/
2025-11-10 13:11:55,237 - INFO - [32/50] https://www.mannaz.com/da/artikler/coaching-persontypetests/en-gennemgang-af-teoretiske-tilgange-til-coaching-af-medarbejdere/
2025-11-10 13:11:56,240 - INFO - [33/50] https://www.mannaz.com/da/artikler/coaching-persontypetests/er-coaching-en-joke/
2025-11-10 13:11:57,116 - INFO - [34/50] https://www.mannaz.com/da/artikler/coaching-persontypetests/er-du-bange-for-salg/
2025-11-10 13:11:58,378 - INFO - [35/50] https://www.mannaz.com/da/artikler/coaching-persontypetests/fa-styr-pa-din-indre-kritiker-med-nye-praesentationsteknikker/
2025-11-10 13:11:59,448 - INFO - [36/50] https://www.mannaz.com/da/artikler/coaching-persontypetests/facebook-hype-eller-genial-dialog/
2025-11-10 13:12:00,283 - INFO - [37/50] https://www.mannaz.com/da/artikler/coaching-persontypetests/forhandling-6-gode-rad-til-succes/
2025-11-10 13:12:01,143 - INFO - [38/50] https://www.mannaz.com/da/artikler/coaching-persontypetests/forhandlingsteknik-skaber-bedre-resultater/
2025-11-10 13:12:02,167 - INFO - [39/50] https://www.mannaz.com/da/artikler/coaching-persontypetests/fra-univers-til-multivers-et-vaesentligt-begreb-i-coaching/
2025-11-10 13:12:03,312 - INFO - [40/50] https://www.mannaz.com/da/artikler/coaching-persontypetests/her-er-en-guide-til-personlig-gennemslagskraft/
2025-11-10 13:12:04,400 - INFO - [41/50] https://www.mannaz.com/da/artikler/coaching-persontypetests/hjaelp-jeg-skal-holde-tale/
2025-11-10 13:12:05,301 - INFO - [42/50] https://www.mannaz.com/da/artikler/coaching-persontypetests/hvad-er-coaching-og-hvordan-bliver-man-en-god-coach/
2025-11-10 13:12:06,182 - INFO - [43/50] https://www.mannaz.com/da/artikler/coaching-persontypetests/hvem-er-humberto-maturana/
2025-11-10 13:12:07,129 - INFO - [44/50] https://www.mannaz.com/da/artikler/coaching-persontypetests/hvilken-arketype-inden-for-forhandling-er-du/
2025-11-10 13:12:08,003 - INFO - [45/50] https://www.mannaz.com/da/artikler/coaching-persontypetests/hvilken-personlighedstype-er-du-bliv-klogere-pa-dig-selv-med-en-persontest/
2025-11-10 13:12:08,903 - INFO - [46/50] https://www.mannaz.com/da/artikler/coaching-persontypetests/hvor-stor-er-magtdistancen-forhandlinger-pa-tvaers-af-kulturer/
2025-11-10 13:12:09,704 - INFO - [47/50] https://www.mannaz.com/da/artikler/coaching-persontypetests/hvordan-far-indkoberen-prisen-lidt-laengere-ned-og-saelgeren-prisen-lidt-hojere-op/
2025-11-10 13:12:10,540 - INFO - [48/50] https://www.mannaz.com/da/artikler/coaching-persontypetests/insights-personprofiler-som-udviklingsvaerktoj/
2025-11-10 13:12:11,528 - INFO - [49/50] https://www.mannaz.com/da/artikler/coaching-persontypetests/intet-slar-overforberedelse/
2025-11-10 13:12:12,444 - INFO - [50/50] https://www.mannaz.com/da/artikler/coaching-persontypetests/invester-i-din-personlige-og-faglige-udvikling-med-en-coachinguddannelse/
2025-11-10 13:12:13,632 - INFO - Current state saved: C:\Users\tmo\OneDrive - Mannaz\Desktop\Mannaz Artikler/Mannaz_pagefreshness\Mannaz_PageFreshness\data\current\mannaz_pages_current.csv
2025-11-10 13:12:13,632 - INFO - No previous month data available
2025-11-10 13:12:13,633 - INFO - No comparison possible (first run)
2025-11-10 13:12:13,633 - INFO - TESTING MODE: Skipping archive
2025-11-10 13:12:13,633 - INFO - Generating HTML report...
2025-11-10 13:12:13,643 - INFO - Report saved: C:\Users\tmo\OneDrive - Mannaz\Desktop\Mannaz Artikler/Mannaz_pagefreshness\Mannaz_PageFreshness\reports\monthly\Report_2025-11.html
2025-11-10 13:12:13,643 - INFO - ======================================================================
2025-11-10 13:12:13,643 - INFO - REPORT COMPLETE!
2025-11-10 13:12:13,643 - INFO - Open report: C:\Users\tmo\OneDrive - Mannaz\Desktop\Mannaz Artikler/Mannaz_pagefreshness\Mannaz_PageFreshness\reports\monthly\Report_2025-11.html
2025-11-10 13:12:13,644 - INFO - ======================================================================
2025-11-10 13:35:09,538 - INFO - ======================================================================
2025-11-10 13:35:09,539 - INFO - MANNAZ PAGE FRESHNESS - MONTHLY REPORT
2025-11-10 13:35:09,539 - INFO - ======================================================================
2025-11-10 13:35:09,540 - INFO - ======================================================================
2025-11-10 13:35:09,541 - INFO - STARTING MONTHLY SCRAPE
2025-11-10 13:35:09,541 - INFO - ======================================================================
2025-11-10 13:35:09,541 - INFO - Discovering ALL pages from sitemap...
2025-11-10 13:35:15,163 - INFO - TESTING MODE: Limiting to 50 pages
2025-11-10 13:35:15,163 - INFO - Found 50 URLs to scrape
2025-11-10 13:35:15,164 - INFO - [1/50] https://www.mannaz.com/da/artikler/
2025-11-10 13:35:16,339 - INFO - [2/50] https://www.mannaz.com/da/artikler/baeredygtighed/baeredygtig-ledelse/
2025-11-10 13:35:17,269 - INFO - [3/50] https://www.mannaz.com/da/artikler/baeredygtighed/fa-mere-vaerdi-ud-af-jeres-baeredygtighedsrapportering/
2025-11-10 13:35:18,273 - INFO - [4/50] https://www.mannaz.com/da/artikler/baeredygtighed/fa-succes-med-baeredygtighedsmal-sammen-med-jeres-vaerdikaede/
2025-11-10 13:35:19,314 - INFO - [5/50] https://www.mannaz.com/da/artikler/baeredygtighed/hvad-betyder-esg/
2025-11-10 13:35:20,371 - INFO - [6/50] https://www.mannaz.com/da/artikler/baeredygtighed/hvad-star-eet-for-i-esg/
2025-11-10 13:35:21,306 - INFO - [7/50] https://www.mannaz.com/da/artikler/baeredygtighed/hvad-star-g-et-for-i-esg/
2025-11-10 13:35:22,285 - INFO - [8/50] https://www.mannaz.com/da/artikler/baeredygtighed/hvad-star-s-et-for-i-esg/
2025-11-10 13:35:23,278 - INFO - [9/50] https://www.mannaz.com/da/artikler/baeredygtighed/med-baeredygtige-partnerskaber-kommer-muligheder/
2025-11-10 13:35:24,315 - INFO - [10/50] https://www.mannaz.com/da/artikler/baeredygtighed/nye-baeredygtighedskompetencer-gor-akademikere-i-stand-til-at-hjaelpe-med-virksomheders-gronne-omstilling/
2025-11-10 13:35:25,415 - INFO - [11/50] https://www.mannaz.com/da/artikler/baeredygtighed/nyt-strategisk-samarbejde-med-tania-ellis/
2025-11-10 13:35:26,377 - INFO - [12/50] https://www.mannaz.com/da/artikler/baeredygtighed/projektledere-kan-vaere-missing-link-i-at-na-baeredygtighedsmal/
2025-11-10 13:35:27,538 - INFO - [13/50] https://www.mannaz.com/da/artikler/baeredygtighed/regenerativ-ledelse-hvad-er-det-og-hvad-kan-det-bruges-til/
2025-11-10 13:35:28,576 - INFO - [14/50] https://www.mannaz.com/da/artikler/baeredygtighed/sadan-saetter-i-implementeringen-af-baeredygtighed-op-i-gear/
2025-11-10 13:35:29,819 - INFO - [15/50] https://www.mannaz.com/da/artikler/baeredygtighed/sustainability-is-the-decision-to-be-part-of-the-solution-2/
2025-11-10 13:35:30,828 - INFO - [16/50] https://www.mannaz.com/da/artikler/baeredygtighed/traek-i-samme-retning-alignment-om-baeredygtighed-i-vaerdikaeden/
2025-11-10 13:35:31,904 - INFO - [17/50] https://www.mannaz.com/da/artikler/baeredygtighed/tre-vaerktoejer-til-at-lykkes-med-baeredygtighed/
2025-11-10 13:35:32,922 - INFO - [18/50] https://www.mannaz.com/da/artikler/coaching-persontypetests/10-tips-til-bedre-praesentationer/
2025-11-10 13:35:33,918 - INFO - [19/50] https://www.mannaz.com/da/artikler/coaching-persontypetests/4-gode-rad-til-at-braende-igennem-virtuelt/
2025-11-10 13:35:34,889 - INFO - [20/50] https://www.mannaz.com/da/artikler/coaching-persontypetests/5-tips-til-mundtlig-formidling/
2025-11-10 13:35:35,796 - INFO - [21/50] https://www.mannaz.com/da/artikler/coaching-persontypetests/aktiv-lytning-lytter-du-efter/
2025-11-10 13:35:37,028 - INFO - [22/50] https://www.mannaz.com/da/artikler/coaching-persontypetests/autopoiese-grundlaget-for-forstaelsen-af-coaching/
2025-11-10 13:35:38,097 - INFO - [23/50] https://www.mannaz.com/da/artikler/coaching-persontypetests/befri-samtalen/
2025-11-10 13:35:38,995 - INFO - [24/50] https://www.mannaz.com/da/artikler/coaching-persontypetests/bliv-hort-ekspertens-6-gode-rad-til-bedre-kommunikation/
2025-11-10 13:35:39,925 - INFO - [25/50] https://www.mannaz.com/da/artikler/coaching-persontypetests/brug-sporgsmalets-kraft/
2025-11-10 13:35:40,829 - INFO - [26/50] https://www.mannaz.com/da/artikler/coaching-persontypetests/brug-statuselevatoren-nar-du-forhandler/
2025-11-10 13:35:41,727 - INFO - [27/50] https://www.mannaz.com/da/artikler/coaching-persontypetests/coaching-hvad-er-5-f-modellen/
2025-11-10 13:35:42,721 - INFO - [28/50] https://www.mannaz.com/da/artikler/coaching-persontypetests/coachingens-landskaber/
2025-11-10 13:35:43,677 - INFO - [29/50] https://www.mannaz.com/da/artikler/coaching-persontypetests/din-mund-siger-ja-men-kroppen/
2025-11-10 13:35:44,948 - INFO - [30/50] https://www.mannaz.com/da/artikler/coaching-persontypetests/din-personlige-forhandlingsteknik-afgor-dine-forhandlingsresultater/
2025-11-10 13:35:46,575 - INFO - [31/50] https://www.mannaz.com/da/artikler/coaching-persontypetests/du-kender-powerpoint-eller-gor-du/
2025-11-10 13:35:47,507 - INFO - [32/50] https://www.mannaz.com/da/artikler/coaching-persontypetests/en-gennemgang-af-teoretiske-tilgange-til-coaching-af-medarbejdere/
2025-11-10 13:35:48,552 - INFO - [33/50] https://www.mannaz.com/da/artikler/coaching-persontypetests/er-coaching-en-joke/
2025-11-10 13:35:49,454 - INFO - [34/50] https://www.mannaz.com/da/artikler/coaching-persontypetests/er-du-bange-for-salg/
2025-11-10 13:35:50,451 - INFO - [35/50] https://www.mannaz.com/da/artikler/coaching-persontypetests/fa-styr-pa-din-indre-kritiker-med-nye-praesentationsteknikker/
2025-11-10 13:35:51,503 - INFO - [36/50] https://www.mannaz.com/da/artikler/coaching-persontypetests/facebook-hype-eller-genial-dialog/
2025-11-10 13:35:52,350 - INFO - [37/50] https://www.mannaz.com/da/artikler/coaching-persontypetests/forhandling-6-gode-rad-til-succes/
2025-11-10 13:35:53,261 - INFO - [38/50] https://www.mannaz.com/da/artikler/coaching-persontypetests/forhandlingsteknik-skaber-bedre-resultater/
2025-11-10 13:35:54,147 - INFO - [39/50] https://www.mannaz.com/da/artikler/coaching-persontypetests/fra-univers-til-multivers-et-vaesentligt-begreb-i-coaching/
2025-11-10 13:35:55,241 - INFO - [40/50] https://www.mannaz.com/da/artikler/coaching-persontypetests/her-er-en-guide-til-personlig-gennemslagskraft/
2025-11-10 13:35:56,853 - INFO - [41/50] https://www.mannaz.com/da/artikler/coaching-persontypetests/hjaelp-jeg-skal-holde-tale/
2025-11-10 13:35:58,614 - INFO - [42/50] https://www.mannaz.com/da/artikler/coaching-persontypetests/hvad-er-coaching-og-hvordan-bliver-man-en-god-coach/
2025-11-10 13:35:59,709 - INFO - [43/50] https://www.mannaz.com/da/artikler/coaching-persontypetests/hvem-er-humberto-maturana/
2025-11-10 13:36:00,660 - INFO - [44/50] https://www.mannaz.com/da/artikler/coaching-persontypetests/hvilken-arketype-inden-for-forhandling-er-du/
2025-11-10 13:36:01,606 - INFO - [45/50] https://www.mannaz.com/da/artikler/coaching-persontypetests/hvilken-personlighedstype-er-du-bliv-klogere-pa-dig-selv-med-en-persontest/
2025-11-10 13:36:02,695 - INFO - [46/50] https://www.mannaz.com/da/artikler/coaching-persontypetests/hvor-stor-er-magtdistancen-forhandlinger-pa-tvaers-af-kulturer/
2025-11-10 13:36:03,677 - INFO - [47/50] https://www.mannaz.com/da/artikler/coaching-persontypetests/hvordan-far-indkoberen-prisen-lidt-laengere-ned-og-saelgeren-prisen-lidt-hojere-op/
2025-11-10 13:36:04,773 - INFO - [48/50] https://www.mannaz.com/da/artikler/coaching-persontypetests/insights-personprofiler-som-udviklingsvaerktoj/
2025-11-10 13:36:06,042 - INFO - [49/50] https://www.mannaz.com/da/artikler/coaching-persontypetests/intet-slar-overforberedelse/
2025-11-10 13:36:07,057 - INFO - [50/50] https://www.mannaz.com/da/artikler/coaching-persontypetests/invester-i-din-personlige-og-faglige-udvikling-med-en-coachinguddannelse/
2025-11-10 13:36:08,242 - INFO - Current state saved: C:\Users\tmo\OneDrive - Mannaz\Desktop\Mannaz Artikler/Mannaz_pagefreshness\Mannaz_PageFreshness\data\current\mannaz_pages_current.csv
2025-11-10 13:36:08,243 - INFO - No previous month data available
2025-11-10 13:36:08,243 - INFO - No comparison possible (first run)
2025-11-10 13:36:08,243 - INFO - TESTING MODE: Skipping archive
2025-11-10 13:36:08,243 - INFO - Generating HTML report...
2025-11-10 13:36:08,247 - INFO - Report saved: C:\Users\tmo\OneDrive - Mannaz\Desktop\Mannaz Artikler/Mannaz_pagefreshness\Mannaz_PageFreshness\reports\monthly\Report_2025-11.html
2025-11-10 13:36:08,248 - INFO - ======================================================================
2025-11-10 13:36:08,248 - INFO - REPORT COMPLETE!
2025-11-10 13:36:08,249 - INFO - Open report: C:\Users\tmo\OneDrive - Mannaz\Desktop\Mannaz Artikler/Mannaz_pagefreshness\Mannaz_PageFreshness\reports\monthly\Report_2025-11.html
2025-11-10 13:36:08,249 - INFO - ======================================================================
2025-11-10 13:39:07,224 - INFO - ======================================================================
2025-11-10 13:39:07,224 - INFO - MANNAZ PAGE FRESHNESS - MONTHLY REPORT
2025-11-10 13:39:07,225 - INFO - ======================================================================
2025-11-10 13:39:07,226 - INFO - ======================================================================
2025-11-10 13:39:07,227 - INFO - STARTING MONTHLY SCRAPE
2025-11-10 13:39:07,227 - INFO - ======================================================================
2025-11-10 13:39:07,228 - INFO - Discovering ALL pages from sitemap...
2025-11-10 13:39:13,979 - INFO - TESTING MODE: Limiting to 50 pages
2025-11-10 13:39:13,980 - INFO - Found 50 URLs to scrape
2025-11-10 13:39:13,980 - INFO - [1/50] https://www.mannaz.com/da/artikler/
2025-11-10 13:39:15,092 - INFO - [2/50] https://www.mannaz.com/da/artikler/baeredygtighed/baeredygtig-ledelse/
2025-11-10 13:39:16,072 - INFO - [3/50] https://www.mannaz.com/da/artikler/baeredygtighed/fa-mere-vaerdi-ud-af-jeres-baeredygtighedsrapportering/
2025-11-10 13:39:17,138 - INFO - [4/50] https://www.mannaz.com/da/artikler/baeredygtighed/fa-succes-med-baeredygtighedsmal-sammen-med-jeres-vaerdikaede/
2025-11-10 13:39:18,492 - INFO - [5/50] https://www.mannaz.com/da/artikler/baeredygtighed/hvad-betyder-esg/
2025-11-10 13:39:19,534 - INFO - [6/50] https://www.mannaz.com/da/artikler/baeredygtighed/hvad-star-eet-for-i-esg/
2025-11-10 13:39:20,484 - INFO - [7/50] https://www.mannaz.com/da/artikler/baeredygtighed/hvad-star-g-et-for-i-esg/
2025-11-10 13:39:21,486 - INFO - [8/50] https://www.mannaz.com/da/artikler/baeredygtighed/hvad-star-s-et-for-i-esg/
2025-11-10 13:39:22,510 - INFO - [9/50] https://www.mannaz.com/da/artikler/baeredygtighed/med-baeredygtige-partnerskaber-kommer-muligheder/
2025-11-10 13:39:23,464 - INFO - [10/50] https://www.mannaz.com/da/artikler/baeredygtighed/nye-baeredygtighedskompetencer-gor-akademikere-i-stand-til-at-hjaelpe-med-virksomheders-gronne-omstilling/
2025-11-10 13:39:24,407 - INFO - [11/50] https://www.mannaz.com/da/artikler/baeredygtighed/nyt-strategisk-samarbejde-med-tania-ellis/
2025-11-10 13:39:25,287 - INFO - [12/50] https://www.mannaz.com/da/artikler/baeredygtighed/projektledere-kan-vaere-missing-link-i-at-na-baeredygtighedsmal/
2025-11-10 13:39:26,334 - INFO - [13/50] https://www.mannaz.com/da/artikler/baeredygtighed/regenerativ-ledelse-hvad-er-det-og-hvad-kan-det-bruges-til/
2025-11-10 13:39:27,233 - INFO - [14/50] https://www.mannaz.com/da/artikler/baeredygtighed/sadan-saetter-i-implementeringen-af-baeredygtighed-op-i-gear/
2025-11-10 13:39:28,074 - INFO - [15/50] https://www.mannaz.com/da/artikler/baeredygtighed/sustainability-is-the-decision-to-be-part-of-the-solution-2/
2025-11-10 13:39:28,987 - INFO - [16/50] https://www.mannaz.com/da/artikler/baeredygtighed/traek-i-samme-retning-alignment-om-baeredygtighed-i-vaerdikaeden/
2025-11-10 13:39:29,911 - INFO - [17/50] https://www.mannaz.com/da/artikler/baeredygtighed/tre-vaerktoejer-til-at-lykkes-med-baeredygtighed/
2025-11-10 13:39:30,854 - INFO - [18/50] https://www.mannaz.com/da/artikler/coaching-persontypetests/10-tips-til-bedre-praesentationer/
2025-11-10 13:39:31,770 - INFO - [19/50] https://www.mannaz.com/da/artikler/coaching-persontypetests/4-gode-rad-til-at-braende-igennem-virtuelt/
2025-11-10 13:39:32,622 - INFO - [20/50] https://www.mannaz.com/da/artikler/coaching-persontypetests/5-tips-til-mundtlig-formidling/
2025-11-10 13:39:33,685 - INFO - [21/50] https://www.mannaz.com/da/artikler/coaching-persontypetests/aktiv-lytning-lytter-du-efter/
2025-11-10 13:39:34,780 - INFO - [22/50] https://www.mannaz.com/da/artikler/coaching-persontypetests/autopoiese-grundlaget-for-forstaelsen-af-coaching/
2025-11-10 13:39:35,789 - INFO - [23/50] https://www.mannaz.com/da/artikler/coaching-persontypetests/befri-samtalen/
2025-11-10 13:39:36,644 - INFO - [24/50] https://www.mannaz.com/da/artikler/coaching-persontypetests/bliv-hort-ekspertens-6-gode-rad-til-bedre-kommunikation/
2025-11-10 13:39:37,639 - INFO - [25/50] https://www.mannaz.com/da/artikler/coaching-persontypetests/brug-sporgsmalets-kraft/
2025-11-10 13:39:38,523 - INFO - [26/50] https://www.mannaz.com/da/artikler/coaching-persontypetests/brug-statuselevatoren-nar-du-forhandler/
2025-11-10 13:39:39,334 - INFO - [27/50] https://www.mannaz.com/da/artikler/coaching-persontypetests/coaching-hvad-er-5-f-modellen/
2025-11-10 13:39:40,317 - INFO - [28/50] https://www.mannaz.com/da/artikler/coaching-persontypetests/coachingens-landskaber/
2025-11-10 13:39:41,186 - INFO - [29/50] https://www.mannaz.com/da/artikler/coaching-persontypetests/din-mund-siger-ja-men-kroppen/
2025-11-10 13:39:42,026 - INFO - [30/50] https://www.mannaz.com/da/artikler/coaching-persontypetests/din-personlige-forhandlingsteknik-afgor-dine-forhandlingsresultater/
2025-11-10 13:39:42,871 - INFO - [31/50] https://www.mannaz.com/da/artikler/coaching-persontypetests/du-kender-powerpoint-eller-gor-du/
2025-11-10 13:39:43,746 - INFO - [32/50] https://www.mannaz.com/da/artikler/coaching-persontypetests/en-gennemgang-af-teoretiske-tilgange-til-coaching-af-medarbejdere/
2025-11-10 13:39:44,700 - INFO - [33/50] https://www.mannaz.com/da/artikler/coaching-persontypetests/er-coaching-en-joke/
2025-11-10 13:39:45,560 - INFO - [34/50] https://www.mannaz.com/da/artikler/coaching-persontypetests/er-du-bange-for-salg/
2025-11-10 13:39:46,425 - INFO - [35/50] https://www.mannaz.com/da/artikler/coaching-persontypetests/fa-styr-pa-din-indre-kritiker-med-nye-praesentationsteknikker/
2025-11-10 13:39:47,383 - INFO - [36/50] https://www.mannaz.com/da/artikler/coaching-persontypetests/facebook-hype-eller-genial-dialog/
2025-11-10 13:39:48,190 - INFO - [37/50] https://www.mannaz.com/da/artikler/coaching-persontypetests/forhandling-6-gode-rad-til-succes/
2025-11-10 13:39:49,039 - INFO - [38/50] https://www.mannaz.com/da/artikler/coaching-persontypetests/forhandlingsteknik-skaber-bedre-resultater/
2025-11-10 13:39:49,913 - INFO - [39/50] https://www.mannaz.com/da/artikler/coaching-persontypetests/fra-univers-til-multivers-et-vaesentligt-begreb-i-coaching/
2025-11-10 13:39:50,871 - INFO - [40/50] https://www.mannaz.com/da/artikler/coaching-persontypetests/her-er-en-guide-til-personlig-gennemslagskraft/
2025-11-10 13:39:51,841 - INFO - [41/50] https://www.mannaz.com/da/artikler/coaching-persontypetests/hjaelp-jeg-skal-holde-tale/
2025-11-10 13:39:52,768 - INFO - [42/50] https://www.mannaz.com/da/artikler/coaching-persontypetests/hvad-er-coaching-og-hvordan-bliver-man-en-god-coach/
2025-11-10 13:39:53,717 - INFO - [43/50] https://www.mannaz.com/da/artikler/coaching-persontypetests/hvem-er-humberto-maturana/
2025-11-10 13:39:54,705 - INFO - [44/50] https://www.mannaz.com/da/artikler/coaching-persontypetests/hvilken-arketype-inden-for-forhandling-er-du/
2025-11-10 13:39:55,611 - INFO - [45/50] https://www.mannaz.com/da/artikler/coaching-persontypetests/hvilken-personlighedstype-er-du-bliv-klogere-pa-dig-selv-med-en-persontest/
2025-11-10 13:39:56,484 - INFO - [46/50] https://www.mannaz.com/da/artikler/coaching-persontypetests/hvor-stor-er-magtdistancen-forhandlinger-pa-tvaers-af-kulturer/
2025-11-10 13:39:57,299 - INFO - [47/50] https://www.mannaz.com/da/artikler/coaching-persontypetests/hvordan-far-indkoberen-prisen-lidt-laengere-ned-og-saelgeren-prisen-lidt-hojere-op/
2025-11-10 13:39:58,174 - INFO - [48/50] https://www.mannaz.com/da/artikler/coaching-persontypetests/insights-personprofiler-som-udviklingsvaerktoj/
2025-11-10 13:39:59,197 - INFO - [49/50] https://www.mannaz.com/da/artikler/coaching-persontypetests/intet-slar-overforberedelse/
2025-11-10 13:40:00,119 - INFO - [50/50] https://www.mannaz.com/da/artikler/coaching-persontypetests/invester-i-din-personlige-og-faglige-udvikling-med-en-coachinguddannelse/
2025-11-10 13:40:01,208 - INFO - Current state saved: C:\Users\tmo\OneDrive - Mannaz\Desktop\Mannaz Artikler/Mannaz_pagefreshness\Mannaz_PageFreshness\data\current\mannaz_pages_current.csv
2025-11-10 13:40:01,209 - INFO - No previous month data available
2025-11-10 13:40:01,209 - INFO - No comparison possible (first run)
2025-11-10 13:40:01,210 - INFO - TESTING MODE: Skipping archive
2025-11-10 13:40:01,210 - INFO - Generating HTML report...
2025-11-10 13:40:01,212 - INFO - Report saved: C:\Users\tmo\OneDrive - Mannaz\Desktop\Mannaz Artikler/Mannaz_pagefreshness\Mannaz_PageFreshness\reports\monthly\Report_2025-11.html
2025-11-10 13:40:01,213 - INFO - ======================================================================
2025-11-10 13:40:01,213 - INFO - REPORT COMPLETE!
2025-11-10 13:40:01,213 - INFO - Open report: C:\Users\tmo\OneDrive - Mannaz\Desktop\Mannaz Artikler/Mannaz_pagefreshness\Mannaz_PageFreshness\reports\monthly\Report_2025-11.html
2025-11-10 13:40:01,214 - INFO - ======================================================================
