2025-11-09 23:23:42,182 - INFO - ======================================================================
2025-11-09 23:23:42,183 - INFO - MANNAZ PAGE FRESHNESS - MONTHLY REPORT
2025-11-09 23:23:42,183 - INFO - ======================================================================
2025-11-09 23:23:42,186 - INFO - ======================================================================
2025-11-09 23:23:42,187 - INFO - STARTING MONTHLY SCRAPE
2025-11-09 23:23:42,187 - INFO - ======================================================================
2025-11-09 23:23:42,187 - INFO - Discovering ALL pages from sitemap...
2025-11-09 23:23:46,927 - INFO - TESTING MODE: Limiting to 50 pages
2025-11-09 23:23:46,927 - INFO - Found 50 URLs to scrape
2025-11-09 23:23:46,927 - INFO - [1/50] https://www.mannaz.com/da/artikler/
2025-11-09 23:23:48,049 - INFO - [2/50] https://www.mannaz.com/da/artikler/baeredygtighed/baeredygtig-ledelse/
2025-11-09 23:23:49,079 - INFO - [3/50] https://www.mannaz.com/da/artikler/baeredygtighed/fa-mere-vaerdi-ud-af-jeres-baeredygtighedsrapportering/
2025-11-09 23:23:50,096 - INFO - [4/50] https://www.mannaz.com/da/artikler/baeredygtighed/fa-succes-med-baeredygtighedsmal-sammen-med-jeres-vaerdikaede/
2025-11-09 23:23:51,119 - INFO - [5/50] https://www.mannaz.com/da/artikler/baeredygtighed/hvad-betyder-esg/
2025-11-09 23:23:52,153 - INFO - [6/50] https://www.mannaz.com/da/artikler/baeredygtighed/hvad-star-eet-for-i-esg/
2025-11-09 23:23:53,191 - INFO - [7/50] https://www.mannaz.com/da/artikler/baeredygtighed/hvad-star-g-et-for-i-esg/
2025-11-09 23:23:54,293 - INFO - [8/50] https://www.mannaz.com/da/artikler/baeredygtighed/hvad-star-s-et-for-i-esg/
2025-11-09 23:23:55,346 - INFO - [9/50] https://www.mannaz.com/da/artikler/baeredygtighed/med-baeredygtige-partnerskaber-kommer-muligheder/
2025-11-09 23:23:56,440 - INFO - [10/50] https://www.mannaz.com/da/artikler/baeredygtighed/nye-baeredygtighedskompetencer-gor-akademikere-i-stand-til-at-hjaelpe-med-virksomheders-gronne-omstilling/
2025-11-09 23:23:57,470 - INFO - [11/50] https://www.mannaz.com/da/artikler/baeredygtighed/nyt-strategisk-samarbejde-med-tania-ellis/
2025-11-09 23:23:58,387 - INFO - [12/50] https://www.mannaz.com/da/artikler/baeredygtighed/projektledere-kan-vaere-missing-link-i-at-na-baeredygtighedsmal/
2025-11-09 23:23:59,423 - INFO - [13/50] https://www.mannaz.com/da/artikler/baeredygtighed/regenerativ-ledelse-hvad-er-det-og-hvad-kan-det-bruges-til/
2025-11-09 23:24:00,287 - INFO - [14/50] https://www.mannaz.com/da/artikler/baeredygtighed/sadan-saetter-i-implementeringen-af-baeredygtighed-op-i-gear/
2025-11-09 23:24:01,262 - INFO - [15/50] https://www.mannaz.com/da/artikler/baeredygtighed/sustainability-is-the-decision-to-be-part-of-the-solution-2/
2025-11-09 23:24:02,589 - INFO - [16/50] https://www.mannaz.com/da/artikler/baeredygtighed/traek-i-samme-retning-alignment-om-baeredygtighed-i-vaerdikaeden/
2025-11-09 23:24:03,610 - INFO - [17/50] https://www.mannaz.com/da/artikler/baeredygtighed/tre-vaerktoejer-til-at-lykkes-med-baeredygtighed/
2025-11-09 23:24:04,737 - INFO - [18/50] https://www.mannaz.com/da/artikler/coaching-persontypetests/10-tips-til-bedre-praesentationer/
2025-11-09 23:24:05,661 - INFO - [19/50] https://www.mannaz.com/da/artikler/coaching-persontypetests/4-gode-rad-til-at-braende-igennem-virtuelt/
2025-11-09 23:24:06,583 - INFO - [20/50] https://www.mannaz.com/da/artikler/coaching-persontypetests/5-tips-til-mundtlig-formidling/
2025-11-09 23:24:07,503 - INFO - [21/50] https://www.mannaz.com/da/artikler/coaching-persontypetests/aktiv-lytning-lytter-du-efter/
2025-11-09 23:24:08,740 - INFO - [22/50] https://www.mannaz.com/da/artikler/coaching-persontypetests/autopoiese-grundlaget-for-forstaelsen-af-coaching/
2025-11-09 23:24:09,865 - INFO - [23/50] https://www.mannaz.com/da/artikler/coaching-persontypetests/befri-samtalen/
2025-11-09 23:24:10,706 - INFO - [24/50] https://www.mannaz.com/da/artikler/coaching-persontypetests/bliv-hort-ekspertens-6-gode-rad-til-bedre-kommunikation/
2025-11-09 23:24:11,594 - INFO - [25/50] https://www.mannaz.com/da/artikler/coaching-persontypetests/brug-sporgsmalets-kraft/
2025-11-09 23:24:12,518 - INFO - [26/50] https://www.mannaz.com/da/artikler/coaching-persontypetests/brug-statuselevatoren-nar-du-forhandler/
2025-11-09 23:24:13,356 - INFO - [27/50] https://www.mannaz.com/da/artikler/coaching-persontypetests/coaching-hvad-er-5-f-modellen/
2025-11-09 23:24:14,369 - INFO - [28/50] https://www.mannaz.com/da/artikler/coaching-persontypetests/coachingens-landskaber/
2025-11-09 23:24:15,281 - INFO - [29/50] https://www.mannaz.com/da/artikler/coaching-persontypetests/din-mund-siger-ja-men-kroppen/
2025-11-09 23:24:16,206 - INFO - [30/50] https://www.mannaz.com/da/artikler/coaching-persontypetests/din-personlige-forhandlingsteknik-afgor-dine-forhandlingsresultater/
2025-11-09 23:24:17,065 - INFO - [31/50] https://www.mannaz.com/da/artikler/coaching-persontypetests/du-kender-powerpoint-eller-gor-du/
2025-11-09 23:24:17,967 - INFO - [32/50] https://www.mannaz.com/da/artikler/coaching-persontypetests/en-gennemgang-af-teoretiske-tilgange-til-coaching-af-medarbejdere/
2025-11-09 23:24:19,072 - INFO - [33/50] https://www.mannaz.com/da/artikler/coaching-persontypetests/er-coaching-en-joke/
2025-11-09 23:24:19,995 - INFO - [34/50] https://www.mannaz.com/da/artikler/coaching-persontypetests/er-du-bange-for-salg/
2025-11-09 23:24:20,918 - INFO - [35/50] https://www.mannaz.com/da/artikler/coaching-persontypetests/fa-styr-pa-din-indre-kritiker-med-nye-praesentationsteknikker/
2025-11-09 23:24:21,842 - INFO - [36/50] https://www.mannaz.com/da/artikler/coaching-persontypetests/facebook-hype-eller-genial-dialog/
2025-11-09 23:24:22,657 - INFO - [37/50] https://www.mannaz.com/da/artikler/coaching-persontypetests/forhandling-6-gode-rad-til-succes/
2025-11-09 23:24:23,578 - INFO - [38/50] https://www.mannaz.com/da/artikler/coaching-persontypetests/forhandlingsteknik-skaber-bedre-resultater/
2025-11-09 23:24:24,502 - INFO - [39/50] https://www.mannaz.com/da/artikler/coaching-persontypetests/fra-univers-til-multivers-et-vaesentligt-begreb-i-coaching/
2025-11-09 23:24:25,535 - INFO - [40/50] https://www.mannaz.com/da/artikler/coaching-persontypetests/her-er-en-guide-til-personlig-gennemslagskraft/
2025-11-09 23:24:26,451 - INFO - [41/50] https://www.mannaz.com/da/artikler/coaching-persontypetests/hjaelp-jeg-skal-holde-tale/
2025-11-09 23:24:27,366 - INFO - [42/50] https://www.mannaz.com/da/artikler/coaching-persontypetests/hvad-er-coaching-og-hvordan-bliver-man-en-god-coach/
2025-11-09 23:24:28,291 - INFO - [43/50] https://www.mannaz.com/da/artikler/coaching-persontypetests/hvem-er-humberto-maturana/
2025-11-09 23:24:29,212 - INFO - [44/50] https://www.mannaz.com/da/artikler/coaching-persontypetests/hvilken-arketype-inden-for-forhandling-er-du/
2025-11-09 23:24:30,130 - INFO - [45/50] https://www.mannaz.com/da/artikler/coaching-persontypetests/hvilken-personlighedstype-er-du-bliv-klogere-pa-dig-selv-med-en-persontest/
2025-11-09 23:24:31,057 - INFO - [46/50] https://www.mannaz.com/da/artikler/coaching-persontypetests/hvor-stor-er-magtdistancen-forhandlinger-pa-tvaers-af-kulturer/
2025-11-09 23:24:31,907 - INFO - [47/50] https://www.mannaz.com/da/artikler/coaching-persontypetests/hvordan-far-indkoberen-prisen-lidt-laengere-ned-og-saelgeren-prisen-lidt-hojere-op/
2025-11-09 23:24:32,780 - INFO - [48/50] https://www.mannaz.com/da/artikler/coaching-persontypetests/insights-personprofiler-som-udviklingsvaerktoj/
2025-11-09 23:24:33,752 - INFO - [49/50] https://www.mannaz.com/da/artikler/coaching-persontypetests/intet-slar-overforberedelse/
2025-11-09 23:24:34,634 - INFO - [50/50] https://www.mannaz.com/da/artikler/coaching-persontypetests/invester-i-din-personlige-og-faglige-udvikling-med-en-coachinguddannelse/
2025-11-09 23:24:35,770 - INFO - Current state saved: C:\Users\tmo\OneDrive - Mannaz\Desktop\Mannaz Artikler/Mannaz_pagefreshness\Mannaz_PageFreshness\data\current\mannaz_pages_current.csv
2025-11-09 23:24:35,771 - INFO - No previous month data available
2025-11-09 23:24:35,771 - INFO - No comparison possible (first run)
2025-11-09 23:24:35,771 - INFO - TESTING MODE: Skipping archive
2025-11-09 23:24:35,772 - INFO - Generating HTML report...
2025-11-09 23:24:35,776 - INFO - Report saved: C:\Users\tmo\OneDrive - Mannaz\Desktop\Mannaz Artikler/Mannaz_pagefreshness\Mannaz_PageFreshness\reports\monthly\Report_2025-11.html
2025-11-09 23:24:35,777 - INFO - ======================================================================
2025-11-09 23:24:35,777 - INFO - REPORT COMPLETE!
2025-11-09 23:24:35,777 - INFO - Open report: C:\Users\tmo\OneDrive - Mannaz\Desktop\Mannaz Artikler/Mannaz_pagefreshness\Mannaz_PageFreshness\reports\monthly\Report_2025-11.html
2025-11-09 23:24:35,778 - INFO - ======================================================================
2025-11-09 23:31:18,319 - INFO - ======================================================================
2025-11-09 23:31:18,319 - INFO - MANNAZ PAGE FRESHNESS - MONTHLY REPORT
2025-11-09 23:31:18,319 - INFO - ======================================================================
2025-11-09 23:31:18,321 - INFO - ======================================================================
2025-11-09 23:31:18,321 - INFO - STARTING MONTHLY SCRAPE
2025-11-09 23:31:18,321 - INFO - ======================================================================
2025-11-09 23:31:18,322 - INFO - Discovering ALL pages from sitemap...
2025-11-09 23:31:23,604 - INFO - TESTING MODE: Limiting to 50 pages
2025-11-09 23:31:23,605 - INFO - Found 50 URLs to scrape
2025-11-09 23:31:23,605 - INFO - [1/50] https://www.mannaz.com/da/artikler/
2025-11-09 23:31:24,748 - INFO - [2/50] https://www.mannaz.com/da/artikler/baeredygtighed/baeredygtig-ledelse/
2025-11-09 23:31:25,670 - INFO - [3/50] https://www.mannaz.com/da/artikler/baeredygtighed/fa-mere-vaerdi-ud-af-jeres-baeredygtighedsrapportering/
2025-11-09 23:31:26,778 - INFO - [4/50] https://www.mannaz.com/da/artikler/baeredygtighed/fa-succes-med-baeredygtighedsmal-sammen-med-jeres-vaerdikaede/
2025-11-09 23:31:27,709 - INFO - [5/50] https://www.mannaz.com/da/artikler/baeredygtighed/hvad-betyder-esg/
2025-11-09 23:31:29,053 - INFO - [6/50] https://www.mannaz.com/da/artikler/baeredygtighed/hvad-star-eet-for-i-esg/
2025-11-09 23:31:30,277 - INFO - [7/50] https://www.mannaz.com/da/artikler/baeredygtighed/hvad-star-g-et-for-i-esg/
2025-11-09 23:31:31,303 - INFO - [8/50] https://www.mannaz.com/da/artikler/baeredygtighed/hvad-star-s-et-for-i-esg/
2025-11-09 23:31:32,323 - INFO - [9/50] https://www.mannaz.com/da/artikler/baeredygtighed/med-baeredygtige-partnerskaber-kommer-muligheder/
2025-11-09 23:31:33,168 - INFO - [10/50] https://www.mannaz.com/da/artikler/baeredygtighed/nye-baeredygtighedskompetencer-gor-akademikere-i-stand-til-at-hjaelpe-med-virksomheders-gronne-omstilling/
2025-11-09 23:31:34,110 - INFO - [11/50] https://www.mannaz.com/da/artikler/baeredygtighed/nyt-strategisk-samarbejde-med-tania-ellis/
2025-11-09 23:31:35,088 - INFO - [12/50] https://www.mannaz.com/da/artikler/baeredygtighed/projektledere-kan-vaere-missing-link-i-at-na-baeredygtighedsmal/
2025-11-09 23:31:36,132 - INFO - [13/50] https://www.mannaz.com/da/artikler/baeredygtighed/regenerativ-ledelse-hvad-er-det-og-hvad-kan-det-bruges-til/
2025-11-09 23:31:37,038 - INFO - [14/50] https://www.mannaz.com/da/artikler/baeredygtighed/sadan-saetter-i-implementeringen-af-baeredygtighed-op-i-gear/
2025-11-09 23:31:37,956 - INFO - [15/50] https://www.mannaz.com/da/artikler/baeredygtighed/sustainability-is-the-decision-to-be-part-of-the-solution-2/
2025-11-09 23:31:38,987 - INFO - [16/50] https://www.mannaz.com/da/artikler/baeredygtighed/traek-i-samme-retning-alignment-om-baeredygtighed-i-vaerdikaeden/
2025-11-09 23:31:40,006 - INFO - [17/50] https://www.mannaz.com/da/artikler/baeredygtighed/tre-vaerktoejer-til-at-lykkes-med-baeredygtighed/
2025-11-09 23:31:40,928 - INFO - [18/50] https://www.mannaz.com/da/artikler/coaching-persontypetests/10-tips-til-bedre-praesentationer/
2025-11-09 23:31:41,851 - INFO - [19/50] https://www.mannaz.com/da/artikler/coaching-persontypetests/4-gode-rad-til-at-braende-igennem-virtuelt/
2025-11-09 23:31:42,768 - INFO - [20/50] https://www.mannaz.com/da/artikler/coaching-persontypetests/5-tips-til-mundtlig-formidling/
2025-11-09 23:31:43,690 - INFO - [21/50] https://www.mannaz.com/da/artikler/coaching-persontypetests/aktiv-lytning-lytter-du-efter/
2025-11-09 23:31:44,722 - INFO - [22/50] https://www.mannaz.com/da/artikler/coaching-persontypetests/autopoiese-grundlaget-for-forstaelsen-af-coaching/
2025-11-09 23:31:45,651 - INFO - [23/50] https://www.mannaz.com/da/artikler/coaching-persontypetests/befri-samtalen/
2025-11-09 23:31:46,506 - INFO - [24/50] https://www.mannaz.com/da/artikler/coaching-persontypetests/bliv-hort-ekspertens-6-gode-rad-til-bedre-kommunikation/
2025-11-09 23:31:47,515 - INFO - [25/50] https://www.mannaz.com/da/artikler/coaching-persontypetests/brug-sporgsmalets-kraft/
2025-11-09 23:31:48,503 - INFO - [26/50] https://www.mannaz.com/da/artikler/coaching-persontypetests/brug-statuselevatoren-nar-du-forhandler/
2025-11-09 23:31:49,344 - INFO - [27/50] https://www.mannaz.com/da/artikler/coaching-persontypetests/coaching-hvad-er-5-f-modellen/
2025-11-09 23:31:50,365 - INFO - [28/50] https://www.mannaz.com/da/artikler/coaching-persontypetests/coachingens-landskaber/
2025-11-09 23:31:51,372 - INFO - [29/50] https://www.mannaz.com/da/artikler/coaching-persontypetests/din-mund-siger-ja-men-kroppen/
2025-11-09 23:31:52,195 - INFO - [30/50] https://www.mannaz.com/da/artikler/coaching-persontypetests/din-personlige-forhandlingsteknik-afgor-dine-forhandlingsresultater/
2025-11-09 23:31:53,025 - INFO - [31/50] https://www.mannaz.com/da/artikler/coaching-persontypetests/du-kender-powerpoint-eller-gor-du/
2025-11-09 23:31:53,869 - INFO - [32/50] https://www.mannaz.com/da/artikler/coaching-persontypetests/en-gennemgang-af-teoretiske-tilgange-til-coaching-af-medarbejdere/
2025-11-09 23:31:54,772 - INFO - [33/50] https://www.mannaz.com/da/artikler/coaching-persontypetests/er-coaching-en-joke/
2025-11-09 23:31:55,601 - INFO - [34/50] https://www.mannaz.com/da/artikler/coaching-persontypetests/er-du-bange-for-salg/
2025-11-09 23:31:56,499 - INFO - [35/50] https://www.mannaz.com/da/artikler/coaching-persontypetests/fa-styr-pa-din-indre-kritiker-med-nye-praesentationsteknikker/
2025-11-09 23:31:57,403 - INFO - [36/50] https://www.mannaz.com/da/artikler/coaching-persontypetests/facebook-hype-eller-genial-dialog/
2025-11-09 23:31:58,237 - INFO - [37/50] https://www.mannaz.com/da/artikler/coaching-persontypetests/forhandling-6-gode-rad-til-succes/
2025-11-09 23:31:59,163 - INFO - [38/50] https://www.mannaz.com/da/artikler/coaching-persontypetests/forhandlingsteknik-skaber-bedre-resultater/
2025-11-09 23:32:00,180 - INFO - [39/50] https://www.mannaz.com/da/artikler/coaching-persontypetests/fra-univers-til-multivers-et-vaesentligt-begreb-i-coaching/
2025-11-09 23:32:01,153 - INFO - [40/50] https://www.mannaz.com/da/artikler/coaching-persontypetests/her-er-en-guide-til-personlig-gennemslagskraft/
2025-11-09 23:32:02,339 - INFO - [41/50] https://www.mannaz.com/da/artikler/coaching-persontypetests/hjaelp-jeg-skal-holde-tale/
2025-11-09 23:32:03,343 - INFO - [42/50] https://www.mannaz.com/da/artikler/coaching-persontypetests/hvad-er-coaching-og-hvordan-bliver-man-en-god-coach/
2025-11-09 23:32:04,407 - INFO - [43/50] https://www.mannaz.com/da/artikler/coaching-persontypetests/hvem-er-humberto-maturana/
2025-11-09 23:32:05,433 - INFO - [44/50] https://www.mannaz.com/da/artikler/coaching-persontypetests/hvilken-arketype-inden-for-forhandling-er-du/
2025-11-09 23:32:06,251 - INFO - [45/50] https://www.mannaz.com/da/artikler/coaching-persontypetests/hvilken-personlighedstype-er-du-bliv-klogere-pa-dig-selv-med-en-persontest/
2025-11-09 23:32:07,147 - INFO - [46/50] https://www.mannaz.com/da/artikler/coaching-persontypetests/hvor-stor-er-magtdistancen-forhandlinger-pa-tvaers-af-kulturer/
2025-11-09 23:32:07,948 - INFO - [47/50] https://www.mannaz.com/da/artikler/coaching-persontypetests/hvordan-far-indkoberen-prisen-lidt-laengere-ned-og-saelgeren-prisen-lidt-hojere-op/
2025-11-09 23:32:08,830 - INFO - [48/50] https://www.mannaz.com/da/artikler/coaching-persontypetests/insights-personprofiler-som-udviklingsvaerktoj/
2025-11-09 23:32:09,827 - INFO - [49/50] https://www.mannaz.com/da/artikler/coaching-persontypetests/intet-slar-overforberedelse/
2025-11-09 23:32:10,825 - INFO - [50/50] https://www.mannaz.com/da/artikler/coaching-persontypetests/invester-i-din-personlige-og-faglige-udvikling-med-en-coachinguddannelse/
2025-11-09 23:32:11,905 - INFO - Current state saved: C:\Users\tmo\OneDrive - Mannaz\Desktop\Mannaz Artikler/Mannaz_pagefreshness\Mannaz_PageFreshness\data\current\mannaz_pages_current.csv
2025-11-09 23:32:11,906 - INFO - No previous month data available
2025-11-09 23:32:11,906 - INFO - No comparison possible (first run)
2025-11-09 23:32:11,906 - INFO - TESTING MODE: Skipping archive
2025-11-09 23:32:11,907 - INFO - Generating HTML report...
2025-11-09 23:32:11,909 - INFO - Report saved: C:\Users\tmo\OneDrive - Mannaz\Desktop\Mannaz Artikler/Mannaz_pagefreshness\Mannaz_PageFreshness\reports\monthly\Report_2025-11.html
2025-11-09 23:32:11,910 - INFO - ======================================================================
2025-11-09 23:32:11,910 - INFO - REPORT COMPLETE!
2025-11-09 23:32:11,910 - INFO - Open report: C:\Users\tmo\OneDrive - Mannaz\Desktop\Mannaz Artikler/Mannaz_pagefreshness\Mannaz_PageFreshness\reports\monthly\Report_2025-11.html
2025-11-09 23:32:11,910 - INFO - ======================================================================
